

// Command: research prediction-market market-screener --limit 5
{
  "success": true,
  "data": {
    "pagination": {
      "page": 1,
      "per_page": 5,
      "is_last_page": false
    },
    "data": [
      {
        "market_id": "558978",
        "question": "Will Curaçao win the 2026 FIFA World Cup?",
        "slug": "will-curaao-win-the-2026-fifa-world-cup",
        "event_id": "30615",
        "event_title": "2026 FIFA World Cup Winner ",
        "active": true,
        "closed": false,
        "end_date": "2026-07-20T00:00:00",
        "neg_risk": true,
        "tags": [
          "Soccer",
          "Sports",
          "FIFA World Cup",
          "2026 FIFA World Cup",
          "Hide From New"
        ],
        "volume": 19958276.754735846,
        "volume_24hr": 6336177.7309619915,
        "volume_1wk": 8939549.763462018,
        "volume_1mo": 10988297.70146205,
        "liquidity": 1755958.16912,
        "volume_change_pct": 396.1,
        "open_interest": 4996797.802796,
        "best_bid": 0.001,
        "best_ask": 0.002,
        "last_trade_price": 0.002,
        "one_day_price_change": 0,
        "unique_traders_24h": 773,
        "created_at": "2025-07-02T16:55:06.231000",
        "age_hours": 6508
      },
      {
        "market_id": "1484949",
        "question": "Netanyahu out by March 31?",
        "slug": "netanyahu-out-by-march-31-854",
        "event_id": "34051",
        "event_title": "Netanyahu out by...?",
        "active": true,
        "closed": false,
        "end_date": "2026-03-31T00:00:00",
        "neg_risk": false,
        "tags": [
          "World",
          "Geopolitics",
          "Middle East",
          "Israel",
          "Politics",
          "Earn 4%"
        ],
        "volume": 81821449.26449782,
        "volume_24hr": 4597284.637266002,
        "volume_1wk": 20405693.152266,
        "volume_1mo": 81821449.2645107,
        "liquidity": 4130262.18117,
        "volume_change_pct": 57.7,
        "open_interest": 61191050.390608,
        "best_bid": 0.001,
        "best_ask": 0.002,
        "last_trade_price": 0.001,
        "one_day_price_change": 0,
        "unique_traders_24h": 590,
        "created_at": "2026-03-02T17:17:00.792000",
        "age_hours": 675
      },
      {
        "market_id": "958442",
        "question": "Will the Iranian regime fall by March 31?",
        "slug": "will-the-iranian-regime-fall-by-march-31",
        "event_id": "108633",
        "event_title": "Will the Iranian regime fall by March 31?",
        "active": true,
        "closed": false,
        "end_date": "2026-03-31T00:00:00",
        "neg_risk": false,
        "tags": [
          "Israel",
          "Politics",
          "World",
          "Middle East",
          "Geopolitics",
          "Khamenei",
          "Iran",
          "Reza Pahlavi",
          "Iran Regime"
        ],
        "volume": 58640290.238047056,
        "volume_24hr": 4136601.5542810033,
        "volume_1wk": 12316468.131301012,
        "volume_1mo": 49036859.882294305,
        "liquidity": 2368421.27488,
        "volume_change_pct": 135.1,
        "open_interest": 32763896.006278,
        "best_bid": 0.001,
        "best_ask": 0.002,
        "last_trade_price": 0.001,
        "one_day_price_change": -0.001,
        "unique_traders_24h": 951,
        "created_at": "2025-12-17T22:42:41.084000",
        "age_hours": 2470
      },
      {
        "market_id": "1162940",
        "question": "US forces enter Iran by March 31?",
        "slug": "us-forces-enter-iran-by-march-31-222-191-243-517-878-439-519",
        "event_id": "158299",
        "event_title": "US forces enter Iran by..?",
        "active": true,
        "closed": false,
        "end_date": "2026-03-31T00:00:00",
        "neg_risk": false,
        "tags": [
          "Trump",
          "Geopolitics",
          "Iran",
          "Military Strikes"
        ],
        "volume": 37601517.19849956,
        "volume_24hr": 3317618.811726002,
        "volume_1wk": 20002987.70011893,
        "volume_1mo": 37085016.65937667,
        "liquidity": 343323.40504,
        "volume_change_pct": 16.1,
        "open_interest": 16743897.168338,
        "best_bid": 0.048,
        "best_ask": 0.049,
        "last_trade_price": 0.049,
        "one_day_price_change": -0.005,
        "unique_traders_24h": 4060,
        "created_at": "2026-01-11T20:41:54.181000",
        "age_hours": 1872
      },
      {
        "market_id": "558967",
        "question": "Will Ghana win the 2026 FIFA World Cup?",
        "slug": "will-ghana-win-the-2026-fifa-world-cup",
        "event_id": "30615",
        "event_title": "2026 FIFA World Cup Winner ",
        "active": true,
        "closed": false,
        "end_date": "2026-07-20T00:00:00",
        "neg_risk": true,
        "tags": [
          "Soccer",
          "Sports",
          "FIFA World Cup",
          "2026 FIFA World Cup",
          "Hide From New"
        ],
        "volume": 10008635.817813395,
        "volume_24hr": 2046272.193379999,
        "volume_1wk": 3566120.7298790016,
        "volume_1mo": 7535515.0595375,
        "liquidity": 2162588.32107,
        "volume_change_pct": 301.7,
        "open_interest": 4786543.557318,
        "best_bid": 0.003,
        "best_ask": 0.004,
        "last_trade_price": 0.003,
        "one_day_price_change": 0,
        "unique_traders_24h": 699,
        "created_at": "2025-07-02T16:54:59.845000",
        "age_hours": 6508
      }
    ]
  }
}

// Command: research prediction-market top-holders --market-id 558978 --limit 50
{
  "success": true,
  "data": {
    "pagination": {
      "page": 1,
      "per_page": 50,
      "is_last_page": false
    },
    "data": [
      {
        "market_id": "558978",
        "outcome_index": 2,
        "address": "0xa5ef39c3d3e10d0b270233af41cac69796b12966",
        "owner_address": "0x",
        "side": "No",
        "position_size": 2371992.804116,
        "avg_entry_price": null,
        "current_price": 0.9985,
        "unrealized_pnl_usd": null
      },
      {
        "market_id": "558978",
        "outcome_index": 1,
        "address": "0x6786ee962d54738152f2c04f9008bafcb9740d36",
        "owner_address": "0xe72fb9d3ea7a176543d5e448b53c62cd6c72d9e8",
        "side": "Yes",
        "position_size": 1653773.724,
        "avg_entry_price": null,
        "current_price": 0.0015,
        "unrealized_pnl_usd": null
      },
      {
        "market_id": "558978",
        "outcome_index": 1,
        "address": "0x6cfcf9047deec0d169005df2fcd1bfededfa661e",
        "owner_address": "0xa58446590ddda62e485e54bea6faeaf2448018d6",
        "side": "Yes",
        "position_size": 274203.28,
        "avg_entry_price": null,
        "current_price": 0.0015,
        "unrealized_pnl_usd": null
      },
      {
        "market_id": "558978",
        "outcome_index": 1,
        "address": "0x2e25869042c8c03eaf383d4a9611fbe561e510bc",
        "owner_address": "0x2b25bbaf2d8c58208c6b703eb1f37f73b8965965",
        "side": "Yes",
        "position_size": 183832.41,
        "avg_entry_price": null,
        "current_price": 0.0015,
        "unrealized_pnl_usd": null
      },
      {
        "market_id": "558978",
        "outcome_index": 2,
        "address": "0x3b6fd06a595d71c70afb3f44414be1c11304340b",
        "owner_address": "0x",
        "side": "No",
        "position_size": 100000,
        "avg_entry_price": null,
        "current_price": 0.9985,
        "unrealized_pnl_usd": null
      },
      {
        "market_id": "558978",
        "outcome_index": 1,
        "address": "0xbeee0de7703c3d0d93c707e97f8526da5edccd54",
        "owner_address": "0xea52ee632928dd2e20d91617313c709b5e568db2",
        "side": "Yes",
        "position_size": 59780,
        "avg_entry_price": null,
        "current_price": 0.0015,
        "unrealized_pnl_usd": null
      },
      {
        "market_id": "558978",
        "outcome_index": 1,
        "address": "0xefa58a1fa13da29e3e266c3b4edcd4edb181b417",
        "owner_address": "0x",
        "side": "Yes",
        "position_size": 32873.392,
        "avg_entry_price": null,
        "current_price": 0.0015,
        "unrealized_pnl_usd": null
      },
      {
        "market_id": "558978",
        "outcome_index": 1,
        "address": "0xe8dd7741ccb12350957ec71e9ee332e0d1e6ec86",
        "owner_address": "0x0001a477dfa60f2f0b5309579ea1aec04e022625",
        "side": "Yes",
        "position_size": 23090.019241,
        "avg_entry_price": null,
        "current_price": 0.0015,
        "unrealized_pnl_usd": null
      },
      {
        "market_id": "558978",
        "outcome_index": 1,
        "address": "0x604bc886d19d69cd099fcbdbda8827a53e1f67b5",
        "owner_address": "0xbd7ab0fdf1021d11a2f28d0ca0595e09b220c341",
        "side": "Yes",
        "position_size": 19854.681,
        "avg_entry_price": null,
        "current_price": 0.0015,
        "unrealized_pnl_usd": null
      },
      {
        "market_id": "558978",
        "outcome_index": 1,
        "address": "0xdfaa6c5baf681d131e1f900b21a3d57656be05e8",
        "owner_address": "0x4512e192168ed5f0e995518621c77e56671dfe34",
        "side": "Yes",
        "position_size": 13333.32,
        "avg_entry_price": null,
        "current_price": 0.0015,
        "unrealized_pnl_usd": null
      },
      {
        "market_id": "558978",
        "outcome_index": 1,
        "address": "0x64b70e799e5b68224afc35c41f16cc09e76b1dd8",
        "owner_address": "0xe7bce283d3a4677e961f6daee34df0318af3251b",
        "side": "Yes",
        "position_size": 12063,
        "avg_entry_price": null,
        "current_price": 0.0015,
        "unrealized_pnl_usd": null
      },
      {
        "market_id": "558978",
        "outcome_index": 1,
        "address": "0x1fc2afeeef93802db725f3546230465f454f5dbb",
        "owner_address": "0xac8b3b0b76b7d3762d86a36887281d8eabbd91ce",
        "side": "Yes",
        "position_size": 11666.666666,
        "avg_entry_price": null,
        "current_price": 0.0015,
        "unrealized_pnl_usd": null
      },
      {
        "market_id": "558978",
        "outcome_index": 1,
        "address": "0xdfbb4c1b35487c58070353394f175ecc8a46614b",
        "owner_address": "0x61609092200eca6b228d6dd9365c006ef8924d1d",
        "side": "Yes",
        "position_size": 11366,
        "avg_entry_price": null,
        "current_price": 0.0015,
        "unrealized_pnl_usd": null
      },
      {
        "market_id": "558978",
        "outcome_index": 1,
        "address": "0x82b5105e6c7ae2889733f0432dc1070d6f7512aa",
        "owner_address": "0x427318a85b0474bb374926db0e7272c78e0ed3a2",
        "side": "Yes",
        "position_size": 11364,
        "avg_entry_price": null,
        "current_price": 0.0015,
        "unrealized_pnl_usd": null
      },
      {
        "market_id": "558978",
        "outcome_index": 1,
        "address": "0x87cf8fbeb1a8a029249ad0c3d431698b43d5b309",
        "owner_address": "0x696afdab4a9758cdf979c88d7f4b049af216246f",
        "side": "Yes",
        "position_size": 11009,
        "avg_entry_price": null,
        "current_price": 0.0015,
        "unrealized_pnl_usd": null
      },
      {
        "market_id": "558978",
        "outcome_index": 1,
        "address": "0xf351730b7cd164258d5caf7e41566397b9a89a32",
        "owner_address": "0xac87cc36bd4a44bc9c5086c003cc30e792058425",
        "side": "Yes",
        "position_size": 10368,
        "avg_entry_price": null,
        "current_price": 0.0015,
        "unrealized_pnl_usd": null
      },
      {
        "market_id": "558978",
        "outcome_index": 1,
        "address": "0x4be2b6e51fda4cc03e78dde7d8d48ec1833ef23d",
        "owner_address": "0x8f1c2422af5d487a57594b101806d44e9da81ba0",
        "side": "Yes",
        "position_size": 10007,
        "avg_entry_price": null,
        "current_price": 0.0015,
        "unrealized_pnl_usd": null
      },
      {
        "market_id": "558978",
        "outcome_index": 1,
        "address": "0xfccbf80a11180650c28dc1b061a5c7fb04ba6178",
        "owner_address": "0x809c9d2f0781ce03ba99dbc14c9064950d12bf50",
        "side": "Yes",
        "position_size": 10000,
        "avg_entry_price": null,
        "current_price": 0.0015,
        "unrealized_pnl_usd": null
      },
      {
        "market_id": "558978",
        "outcome_index": 1,
        "address": "0x3f36b636560bc8b535f4dc91e0a14415761f6c86",
        "owner_address": "0x6721831ac35baa2b342de31d1cc05b4fd5e126e1",
        "side": "Yes",
        "position_size": 10000,
        "avg_entry_price": null,
        "current_price": 0.0015,
        "unrealized_pnl_usd": null
      },
      {
        "market_id": "558978",
        "outcome_index": 1,
        "address": "0x62d94cd58a5ec919723632bc03451b4134af3d3c",
        "owner_address": "0xa513ba2c2bcb305ec57bab6b2a980ff65145058a",
        "side": "Yes",
        "position_size": 10000,
        "avg_entry_price": null,
        "current_price": 0.0015,
        "unrealized_pnl_usd": null
      },
      {
        "market_id": "558978",
        "outcome_index": 1,
        "address": "0x7c85a352f79c6512575f51491867676884ea92b2",
        "owner_address": "0x2f8e76bef60e3ef6fe91f8bbbb59821e08901d21",
        "side": "Yes",
        "position_size": 10000,
        "avg_entry_price": null,
        "current_price": 0.0015,
        "unrealized_pnl_usd": null
      },
      {
        "market_id": "558978",
        "outcome_index": 1,
        "address": "0xdaee4ade995311e5e0d0541f9c209e376ab3be17",
        "owner_address": "0x7a0b54584d9d7f38f249a34048b5ecc834d5d174",
        "side": "Yes",
        "position_size": 10000,
        "avg_entry_price": null,
        "current_price": 0.0015,
        "unrealized_pnl_usd": null
      },
      {
        "market_id": "558978",
        "outcome_index": 1,
        "address": "0x56276afaa7403d1fa5f3b61831eb2f5b13efdd9c",
        "owner_address": "0xa4e3a0665dd4d240f6669d715417737d0b965b0b",
        "side": "Yes",
        "position_size": 10000,
        "avg_entry_price": null,
        "current_price": 0.0015,
        "unrealized_pnl_usd": null
      },
      {
        "market_id": "558978",
        "outcome_index": 1,
        "address": "0xd99c6dda74bb0d25d9111948cdca14a225ef1006",
        "owner_address": "0xc33229d8b384cc0181325c51b30add8525acfb3a",
        "side": "Yes",
        "position_size": 10000,
        "avg_entry_price": null,
        "current_price": 0.0015,
        "unrealized_pnl_usd": null
      },
      {
        "market_id": "558978",
        "outcome_index": 1,
        "address": "0x59e377c0bce61415c85c1574d036dcd4d0038476",
        "owner_address": "0x9b3c1a20f1cfff59a518eef69eec3df39b0751ad",
        "side": "Yes",
        "position_size": 10000,
        "avg_entry_price": null,
        "current_price": 0.0015,
        "unrealized_pnl_usd": null
      },
      {
        "market_id": "558978",
        "outcome_index": 1,
        "address": "0x3237c93fd217bce9316d0c1e7b63b9184042e7bb",
        "owner_address": "0x59aa59f7a0d92ef29e9cb99b87d35e0365d66a47",
        "side": "Yes",
        "position_size": 10000,
        "avg_entry_price": null,
        "current_price": 0.0015,
        "unrealized_pnl_usd": null
      },
      {
        "market_id": "558978",
        "outcome_index": 1,
        "address": "0x2ba435f6b3819d1b3b47b751d369b4eb6ef1e39a",
        "owner_address": "0xa969459b8715ecdb9e38275b22530d5660c7bf0a",
        "side": "Yes",
        "position_size": 9999,
        "avg_entry_price": null,
        "current_price": 0.0015,
        "unrealized_pnl_usd": null
      },
      {
        "market_id": "558978",
        "outcome_index": 1,
        "address": "0x668d85d791049bf0100e557a72c7ed4dc97297d2",
        "owner_address": "0xc39c408daf1b802ec7e1ce9d8731c5b6622ba14d",
        "side": "Yes",
        "position_size": 9346.322171,
        "avg_entry_price": null,
        "current_price": 0.0015,
        "unrealized_pnl_usd": null
      },
      {
        "market_id": "558978",
        "outcome_index": 1,
        "address": "0xd7b2f961e7565715d2b346fd6908af5ac73daf00",
        "owner_address": "0x",
        "side": "Yes",
        "position_size": 9000,
        "avg_entry_price": null,
        "current_price": 0.0015,
        "unrealized_pnl_usd": null
      },
      {
        "market_id": "558978",
        "outcome_index": 1,
        "address": "0x63d43bbb87f85af03b8f2f9e2fad7b54334fa2f1",
        "owner_address": "0x",
        "side": "Yes",
        "position_size": 8771.21,
        "avg_entry_price": null,
        "current_price": 0.0015,
        "unrealized_pnl_usd": null
      },
      {
        "market_id": "558978",
        "outcome_index": 1,
        "address": "0x633a0848859f432fb4fb8d7c32229a3646aa8388",
        "owner_address": "0xdf84f6d75c0bcc351e5b245e3ec54fc1d19b2f5e",
        "side": "Yes",
        "position_size": 8765,
        "avg_entry_price": null,
        "current_price": 0.0015,
        "unrealized_pnl_usd": null
      },
      {
        "market_id": "558978",
        "outcome_index": 1,
        "address": "0x59a4dfe5261f5f38dd43fb8b8af6fcaebed97c4d",
        "owner_address": "0x220789a5997699c1527fcc2ad54eaf28809ebc8a",
        "side": "Yes",
        "position_size": 7983.9445,
        "avg_entry_price": null,
        "current_price": 0.0015,
        "unrealized_pnl_usd": null
      },
      {
        "market_id": "558978",
        "outcome_index": 1,
        "address": "0x53fe50f06acd2a1397a3cdb6091ee6fcf53d2e11",
        "owner_address": "0x92b446c79a80e4f5a9c63e6f0af357798c50e34e",
        "side": "Yes",
        "position_size": 6123,
        "avg_entry_price": null,
        "current_price": 0.0015,
        "unrealized_pnl_usd": null
      },
      {
        "market_id": "558978",
        "outcome_index": 1,
        "address": "0x04c4bcad7215dc7546c7bc66cc8d41efbc8443b6",
        "owner_address": "0x",
        "side": "Yes",
        "position_size": 5666.666666,
        "avg_entry_price": null,
        "current_price": 0.0015,
        "unrealized_pnl_usd": null
      },
      {
        "market_id": "558978",
        "outcome_index": 1,
        "address": "0x16cbe223607a6513ae76d1e3751c78e4eabc2704",
        "owner_address": "0x",
        "side": "Yes",
        "position_size": 5545.10818,
        "avg_entry_price": null,
        "current_price": 0.0015,
        "unrealized_pnl_usd": null
      },
      {
        "market_id": "558978",
        "outcome_index": 1,
        "address": "0xc1c55b36927e07b2376baf6f2d59543e24371032",
        "owner_address": "0x",
        "side": "Yes",
        "position_size": 5490,
        "avg_entry_price": null,
        "current_price": 0.0015,
        "unrealized_pnl_usd": null
      },
      {
        "market_id": "558978",
        "outcome_index": 1,
        "address": "0x2663daca3cecf3767ca1c3b126002a8578a8ed1f",
        "owner_address": "0x",
        "side": "Yes",
        "position_size": 5195.303,
        "avg_entry_price": null,
        "current_price": 0.0015,
        "unrealized_pnl_usd": null
      },
      {
        "market_id": "558978",
        "outcome_index": 1,
        "address": "0x0dbb51f12d8044d213fdfc8d1c3f669344e42836",
        "owner_address": "0x5ce0095b272c82d961c8ab6464771835032dd378",
        "side": "Yes",
        "position_size": 5122,
        "avg_entry_price": null,
        "current_price": 0.0015,
        "unrealized_pnl_usd": null
      },
      {
        "market_id": "558978",
        "outcome_index": 1,
        "address": "0xf06aa04dfeddf9668121607223e43888b6f858dd",
        "owner_address": "0x643f932d1b890088ee9c662845d9e8a1eb647ce6",
        "side": "Yes",
        "position_size": 5120,
        "avg_entry_price": null,
        "current_price": 0.0015,
        "unrealized_pnl_usd": null
      },
      {
        "market_id": "558978",
        "outcome_index": 1,
        "address": "0xb96ebfdbecddd13549cf7e2417826fa8905efcbb",
        "owner_address": "0x8d125fd6d1505ac03610d7f3b10e786e9e1056c4",
        "side": "Yes",
        "position_size": 5080,
        "avg_entry_price": null,
        "current_price": 0.0015,
        "unrealized_pnl_usd": null
      },
      {
        "market_id": "558978",
        "outcome_index": 1,
        "address": "0x9629a08c47920ac531e01bfec40182fab629b148",
        "owner_address": "0x",
        "side": "Yes",
        "position_size": 5031.2555,
        "avg_entry_price": null,
        "current_price": 0.0015,
        "unrealized_pnl_usd": null
      },
      {
        "market_id": "558978",
        "outcome_index": 1,
        "address": "0x4b08a523cfa0bfc3382d40ae60c5d0d0ccd52fef",
        "owner_address": "0x2239379443d491b67db7d12dc79fcad999bc47fd",
        "side": "Yes",
        "position_size": 5020,
        "avg_entry_price": null,
        "current_price": 0.0015,
        "unrealized_pnl_usd": null
      },
      {
        "market_id": "558978",
        "outcome_index": 1,
        "address": "0x4f0895d956c1475766dc312260514fe39eb07865",
        "owner_address": "0xa332a3e4ab5444294797678fe4fce7cdeb372eaa",
        "side": "Yes",
        "position_size": 5010,
        "avg_entry_price": null,
        "current_price": 0.0015,
        "unrealized_pnl_usd": null
      },
      {
        "market_id": "558978",
        "outcome_index": 1,
        "address": "0x4549f2b1ddc416da61d33447e0272ba95a810450",
        "owner_address": "0x",
        "side": "Yes",
        "position_size": 5000,
        "avg_entry_price": null,
        "current_price": 0.0015,
        "unrealized_pnl_usd": null
      },
      {
        "market_id": "558978",
        "outcome_index": 1,
        "address": "0x689aee27b76a6f8f82cda034a5dc5e2801f08e9f",
        "owner_address": "0x",
        "side": "Yes",
        "position_size": 5000,
        "avg_entry_price": null,
        "current_price": 0.0015,
        "unrealized_pnl_usd": null
      },
      {
        "market_id": "558978",
        "outcome_index": 1,
        "address": "0x45227134a71a2b98e730975b2e03f6aa31c1320a",
        "owner_address": "0x3a7322d21e6a80e4c277e4c6b00e1885b4e168f2",
        "side": "Yes",
        "position_size": 5000,
        "avg_entry_price": null,
        "current_price": 0.0015,
        "unrealized_pnl_usd": null
      },
      {
        "market_id": "558978",
        "outcome_index": 1,
        "address": "0xbdb23e934e840a2af9c236cb4d5a0367ccb1f66f",
        "owner_address": "0x4cf129ea9d6041bf25664c75b5b5905bc37a50fc",
        "side": "Yes",
        "position_size": 5000,
        "avg_entry_price": null,
        "current_price": 0.0015,
        "unrealized_pnl_usd": null
      },
      {
        "market_id": "558978",
        "outcome_index": 1,
        "address": "0x5f280c7c5687c48696919bba620720455922305f",
        "owner_address": "0x1d3d6200ad5bc477c17d704507e94419f7712184",
        "side": "Yes",
        "position_size": 5000,
        "avg_entry_price": null,
        "current_price": 0.0015,
        "unrealized_pnl_usd": null
      },
      {
        "market_id": "558978",
        "outcome_index": 1,
        "address": "0xe7775faf9f090191a745b6f48c1148778693c407",
        "owner_address": "0x",
        "side": "Yes",
        "position_size": 5000,
        "avg_entry_price": null,
        "current_price": 0.0015,
        "unrealized_pnl_usd": null
      },
      {
        "market_id": "558978",
        "outcome_index": 1,
        "address": "0x1d661bad46933cbc6bf883b4c217b29ce201b1b4",
        "owner_address": "0xab05f6178c82eb7df761ab99d302630e3b897d1a",
        "side": "Yes",
        "position_size": 5000,
        "avg_entry_price": null,
        "current_price": 0.0015,
        "unrealized_pnl_usd": null
      }
    ]
  }
}

// Command: research prediction-market top-holders --market-id 1484949 --limit 50
{
  "success": true,
  "data": {
    "pagination": {
      "page": 1,
      "per_page": 50,
      "is_last_page": false
    },
    "data": [
      {
        "market_id": "1484949",
        "outcome_index": 1,
        "address": "0x371afb83588eb99d1e2e1a731b7d3020eb27cc13",
        "owner_address": "0x",
        "side": "Yes",
        "position_size": 5169998.714223,
        "avg_entry_price": null,
        "current_price": 0.0015,
        "unrealized_pnl_usd": null
      },
      {
        "market_id": "1484949",
        "outcome_index": 1,
        "address": "0xd3481a261f3ee307bf821a1d7a66a79bb8b6d759",
        "owner_address": "0x61d88e3d81dff96bf843a5c0c58e663041ad8cdd",
        "side": "Yes",
        "position_size": 3779063.920647,
        "avg_entry_price": null,
        "current_price": 0.0015,
        "unrealized_pnl_usd": null
      },
      {
        "market_id": "1484949",
        "outcome_index": 2,
        "address": "0xbebe49168cc3fe33fd9060c6fc83355c3359a8b5",
        "owner_address": "0x50c8c52ca63217fdbfb33d671932c8a84caeda27",
        "side": "No",
        "position_size": 3527132.971056,
        "avg_entry_price": null,
        "current_price": 0.9985,
        "unrealized_pnl_usd": null
      },
      {
        "market_id": "1484949",
        "outcome_index": 1,
        "address": "0x6b5a6d163ddf6a42f15fb3a1f39e11f8ab49b691",
        "owner_address": "0x359415acb3dfd763a63f7016ca81955d830cd7a8",
        "side": "Yes",
        "position_size": 2841899.384247,
        "avg_entry_price": null,
        "current_price": 0.0015,
        "unrealized_pnl_usd": null
      },
      {
        "market_id": "1484949",
        "outcome_index": 2,
        "address": "0x3e2391418438e76a76b6699474abf803cceb9b18",
        "owner_address": "0xcedf2eb27881ef6de73a13e6315b2e8d0c6b78c2",
        "side": "No",
        "position_size": 2676344.417474,
        "avg_entry_price": null,
        "current_price": 0.9985,
        "unrealized_pnl_usd": null
      },
      {
        "market_id": "1484949",
        "outcome_index": 2,
        "address": "0x02e7f29f3e612a95a9ccca7131ce7dd5d56b59e5",
        "owner_address": "0x864e996c3143026b6c230945dd917de1922347b3",
        "side": "No",
        "position_size": 1438925.806652,
        "avg_entry_price": null,
        "current_price": 0.9985,
        "unrealized_pnl_usd": null
      },
      {
        "market_id": "1484949",
        "outcome_index": 2,
        "address": "0xe25b9180f5687aa85bd94ee309bb72a464320f1b",
        "owner_address": "0x",
        "side": "No",
        "position_size": 1222351.075089,
        "avg_entry_price": null,
        "current_price": 0.9985,
        "unrealized_pnl_usd": null
      },
      {
        "market_id": "1484949",
        "outcome_index": 2,
        "address": "0xc4d1a863e9cc45d02ba22d3a1ae9ba7822018ce8",
        "owner_address": "0x",
        "side": "No",
        "position_size": 1141200.485915,
        "avg_entry_price": null,
        "current_price": 0.9985,
        "unrealized_pnl_usd": null
      },
      {
        "market_id": "1484949",
        "outcome_index": 1,
        "address": "0x7e83249f9791640cc6f3eb976a48eb7c546de4bc",
        "owner_address": "0x",
        "side": "Yes",
        "position_size": 1119594.015485,
        "avg_entry_price": null,
        "current_price": 0.0015,
        "unrealized_pnl_usd": null
      },
      {
        "market_id": "1484949",
        "outcome_index": 2,
        "address": "0xfdc07e182e6f959256295567e450a8727272fa79",
        "owner_address": "0xb239159f41cd8f79d0e71be753d6988c6b501ee6",
        "side": "No",
        "position_size": 1063868.720842,
        "avg_entry_price": null,
        "current_price": 0.9985,
        "unrealized_pnl_usd": null
      },
      {
        "market_id": "1484949",
        "outcome_index": 1,
        "address": "0xa4b678fd4a7da998a4ee270f0db37f01913bf62c",
        "owner_address": "0x",
        "side": "Yes",
        "position_size": 1056914.717992,
        "avg_entry_price": null,
        "current_price": 0.0015,
        "unrealized_pnl_usd": null
      },
      {
        "market_id": "1484949",
        "outcome_index": 2,
        "address": "0xa8b202e6e9a4c2091b6860f1f5c9e9119bbc9a39",
        "owner_address": "0xfe681735ac7f6a171f221bfc7ca2c344a98fba73",
        "side": "No",
        "position_size": 1034335.51953,
        "avg_entry_price": null,
        "current_price": 0.9985,
        "unrealized_pnl_usd": null
      },
      {
        "market_id": "1484949",
        "outcome_index": 2,
        "address": "0xf2436c4c52d99174d3f3bc999772ae61109558d2",
        "owner_address": "0x7c9063122c01837fe83da2521056e10c9b6dd129",
        "side": "No",
        "position_size": 1004677.7045,
        "avg_entry_price": null,
        "current_price": 0.9985,
        "unrealized_pnl_usd": null
      },
      {
        "market_id": "1484949",
        "outcome_index": 1,
        "address": "0x312ee6a5878a5582e8f96700e6268171bf9d8604",
        "owner_address": "0x",
        "side": "Yes",
        "position_size": 924882.716027,
        "avg_entry_price": null,
        "current_price": 0.0015,
        "unrealized_pnl_usd": null
      },
      {
        "market_id": "1484949",
        "outcome_index": 2,
        "address": "0xe639e41094bbeae18f3e6d1790c17299183f082a",
        "owner_address": "0xe1f4514ed0f07f2a395aec1ded286ebcb3a96f32",
        "side": "No",
        "position_size": 810212.86354,
        "avg_entry_price": null,
        "current_price": 0.9985,
        "unrealized_pnl_usd": null
      },
      {
        "market_id": "1484949",
        "outcome_index": 1,
        "address": "0xa06aa60f30abfbee09c8b5b32d4da64e1f5ee5a9",
        "owner_address": "0xfb827bc9ccb5cffd878d9572009fc507b33aae65",
        "side": "Yes",
        "position_size": 804398.704301,
        "avg_entry_price": null,
        "current_price": 0.0015,
        "unrealized_pnl_usd": null
      },
      {
        "market_id": "1484949",
        "outcome_index": 1,
        "address": "0x7a1bcc0e8e99cb37258dae22f9c8153d46221886",
        "owner_address": "0x4c8bffc577677ffbe641a13d58ab0bacc79ef265",
        "side": "Yes",
        "position_size": 683178.381291,
        "avg_entry_price": null,
        "current_price": 0.0015,
        "unrealized_pnl_usd": null
      },
      {
        "market_id": "1484949",
        "outcome_index": 1,
        "address": "0x9819bdadc81dc5107b043c74ee29f77b9c5dca0b",
        "owner_address": "0x",
        "side": "Yes",
        "position_size": 654382.558648,
        "avg_entry_price": null,
        "current_price": 0.0015,
        "unrealized_pnl_usd": null
      },
      {
        "market_id": "1484949",
        "outcome_index": 2,
        "address": "0x7744bfd749a70020d16a1fcbac1d064761c9999e",
        "owner_address": "0x",
        "side": "No",
        "position_size": 611320.697607,
        "avg_entry_price": null,
        "current_price": 0.9985,
        "unrealized_pnl_usd": null
      },
      {
        "market_id": "1484949",
        "outcome_index": 2,
        "address": "0xdcd669c506a938bae9269a84b8bd2bdb220484cd",
        "owner_address": "0xbe492e66494f051e0d7d0db8d4a71c1f90081032",
        "side": "No",
        "position_size": 570868.331507,
        "avg_entry_price": null,
        "current_price": 0.9985,
        "unrealized_pnl_usd": null
      },
      {
        "market_id": "1484949",
        "outcome_index": 2,
        "address": "0x0e5bd76779e74304d08e759072abf126d87da593",
        "owner_address": "0xe5c3a3bad46475dd53100cdbecb0a7541aba0391",
        "side": "No",
        "position_size": 499999.865307,
        "avg_entry_price": null,
        "current_price": 0.9985,
        "unrealized_pnl_usd": null
      },
      {
        "market_id": "1484949",
        "outcome_index": 2,
        "address": "0xc4ecc62dcba4b855b6e6de09f4eb39385eb62493",
        "owner_address": "0xc01104659798dbb3956a7955f80c78106912acbb",
        "side": "No",
        "position_size": 477875.727879,
        "avg_entry_price": null,
        "current_price": 0.9985,
        "unrealized_pnl_usd": null
      },
      {
        "market_id": "1484949",
        "outcome_index": 2,
        "address": "0x095dcfb123a4bc035ee6b0d624bab0cc964352cf",
        "owner_address": "0x",
        "side": "No",
        "position_size": 439457.7915,
        "avg_entry_price": null,
        "current_price": 0.9985,
        "unrealized_pnl_usd": null
      },
      {
        "market_id": "1484949",
        "outcome_index": 1,
        "address": "0x5bb44d0d51c6a04b8e292ed163936d491bda692a",
        "owner_address": "0x",
        "side": "Yes",
        "position_size": 428368.217299,
        "avg_entry_price": null,
        "current_price": 0.0015,
        "unrealized_pnl_usd": null
      },
      {
        "market_id": "1484949",
        "outcome_index": 2,
        "address": "0xc08b08455d23788c0c9848c6fa87257daacceb4f",
        "owner_address": "0x",
        "side": "No",
        "position_size": 409404.408653,
        "avg_entry_price": null,
        "current_price": 0.9985,
        "unrealized_pnl_usd": null
      },
      {
        "market_id": "1484949",
        "outcome_index": 1,
        "address": "0x6efcf8f2bb054057ae8b044fb9a746b13b61c98b",
        "owner_address": "0x99d27c4624d7b4dd9c14bdeb4313f44b5793b6a9",
        "side": "Yes",
        "position_size": 402502.749192,
        "avg_entry_price": null,
        "current_price": 0.0015,
        "unrealized_pnl_usd": null
      },
      {
        "market_id": "1484949",
        "outcome_index": 1,
        "address": "0x8cc0f0ffcc4c7ab181976d3c6e7f2b712d71da93",
        "owner_address": "0x",
        "side": "Yes",
        "position_size": 398203.017661,
        "avg_entry_price": null,
        "current_price": 0.0015,
        "unrealized_pnl_usd": null
      },
      {
        "market_id": "1484949",
        "outcome_index": 2,
        "address": "0xb48ef6deecd526c0974c35e1f7b5c3bbd12fa144",
        "owner_address": "0xf53a0480ca2e28afdb385d25f94c8ca3dd453033",
        "side": "No",
        "position_size": 394999.977136,
        "avg_entry_price": null,
        "current_price": 0.9985,
        "unrealized_pnl_usd": null
      },
      {
        "market_id": "1484949",
        "outcome_index": 1,
        "address": "0x5d05b1f588780423488a09d9aefeb64df54d6320",
        "owner_address": "0xd10b00a18802ff604c5aaa9ce3fc4e99221a2c6e",
        "side": "Yes",
        "position_size": 374060.013878,
        "avg_entry_price": null,
        "current_price": 0.0015,
        "unrealized_pnl_usd": null
      },
      {
        "market_id": "1484949",
        "outcome_index": 2,
        "address": "0xadc2efbf97ce7b25f7a638aabdba196c657cd1c9",
        "owner_address": "0x18f120e8d3929f4ba2147ac5781cc86c2bd9ffb0",
        "side": "No",
        "position_size": 373333.058665,
        "avg_entry_price": null,
        "current_price": 0.9985,
        "unrealized_pnl_usd": null
      },
      {
        "market_id": "1484949",
        "outcome_index": 2,
        "address": "0x0af037c59ede5b3b2a6625f23923057d8296d425",
        "owner_address": "0x",
        "side": "No",
        "position_size": 360836.306665,
        "avg_entry_price": null,
        "current_price": 0.9985,
        "unrealized_pnl_usd": null
      },
      {
        "market_id": "1484949",
        "outcome_index": 2,
        "address": "0x9d84ce0306f8551e02efef1680475fc0f1dc1344",
        "owner_address": "0x",
        "side": "No",
        "position_size": 339110.253813,
        "avg_entry_price": null,
        "current_price": 0.9985,
        "unrealized_pnl_usd": null
      },
      {
        "market_id": "1484949",
        "outcome_index": 1,
        "address": "0xda047c8d9ff5b5d2f6311fe26762fe6b6846d8da",
        "owner_address": "0xac50a255e330c388f44b9d01259d6b153a9f0ed9",
        "side": "Yes",
        "position_size": 336994.1903,
        "avg_entry_price": null,
        "current_price": 0.0015,
        "unrealized_pnl_usd": null
      },
      {
        "market_id": "1484949",
        "outcome_index": 2,
        "address": "0xc6587b11a2209e46dfe3928b31c5514a8e33b784",
        "owner_address": "0x8640a770436b418149544b37f1e156a095b9ce48",
        "side": "No",
        "position_size": 335569.877979,
        "avg_entry_price": null,
        "current_price": 0.9985,
        "unrealized_pnl_usd": null
      },
      {
        "market_id": "1484949",
        "outcome_index": 2,
        "address": "0x7b02b2bac2a30ed5e40b7094e734f4c3dc2a4991",
        "owner_address": "0x",
        "side": "No",
        "position_size": 310807.234372,
        "avg_entry_price": null,
        "current_price": 0.9985,
        "unrealized_pnl_usd": null
      },
      {
        "market_id": "1484949",
        "outcome_index": 2,
        "address": "0xd1acd3925d895de9aec98ff95f3a30c5279d08d5",
        "owner_address": "0x7ca5e8e735d1714104a534c9f39e2a29ab116139",
        "side": "No",
        "position_size": 299999.838442,
        "avg_entry_price": null,
        "current_price": 0.9985,
        "unrealized_pnl_usd": null
      },
      {
        "market_id": "1484949",
        "outcome_index": 2,
        "address": "0x000d257d2dc7616feaef4ae0f14600fdf50a758e",
        "owner_address": "0x",
        "side": "No",
        "position_size": 298723.358934,
        "avg_entry_price": null,
        "current_price": 0.9985,
        "unrealized_pnl_usd": null
      },
      {
        "market_id": "1484949",
        "outcome_index": 2,
        "address": "0x6bab41a0dc40d6dd4c1a915b8c01969479fd1292",
        "owner_address": "0xd7f6ebdf0235f587154e2d7d38f9d80568494993",
        "side": "No",
        "position_size": 297682.387176,
        "avg_entry_price": null,
        "current_price": 0.9985,
        "unrealized_pnl_usd": null
      },
      {
        "market_id": "1484949",
        "outcome_index": 2,
        "address": "0x8b4bca1d794779e66e023d44391b2a86c5ab541b",
        "owner_address": "0x9f07dc88dc450978e5ddf973f6a0236a7cfbf99a",
        "side": "No",
        "position_size": 292487.657805,
        "avg_entry_price": null,
        "current_price": 0.9985,
        "unrealized_pnl_usd": null
      },
      {
        "market_id": "1484949",
        "outcome_index": 1,
        "address": "0xe361194d76d05c6a5d4ff7e4cf38fdb38dfc0ded",
        "owner_address": "0x",
        "side": "Yes",
        "position_size": 292475.366065,
        "avg_entry_price": null,
        "current_price": 0.0015,
        "unrealized_pnl_usd": null
      },
      {
        "market_id": "1484949",
        "outcome_index": 1,
        "address": "0xd27724f73bfdc1ee97ad767a67a45f15fd51d7c2",
        "owner_address": "0x71d4d20ccaa9e4431d7c30ab263c17ac85d81d65",
        "side": "Yes",
        "position_size": 291430.653358,
        "avg_entry_price": null,
        "current_price": 0.0015,
        "unrealized_pnl_usd": null
      },
      {
        "market_id": "1484949",
        "outcome_index": 1,
        "address": "0xdc8f1133c0d247ffce052c1909aaddc37537a396",
        "owner_address": "0x8460af03c01b44bbf00677e97347d671bb90d4b2",
        "side": "Yes",
        "position_size": 273219.296548,
        "avg_entry_price": null,
        "current_price": 0.0015,
        "unrealized_pnl_usd": null
      },
      {
        "market_id": "1484949",
        "outcome_index": 2,
        "address": "0xdd225a03cd7ed89e3931906c67c75ab31cf89ef1",
        "owner_address": "0x",
        "side": "No",
        "position_size": 255554.984576,
        "avg_entry_price": null,
        "current_price": 0.9985,
        "unrealized_pnl_usd": null
      },
      {
        "market_id": "1484949",
        "outcome_index": 2,
        "address": "0x6f6bc4f8a73430f59213d8812173c85e75111ab6",
        "owner_address": "0x639520cfffa19179b32b839aef8c7e2b751816c5",
        "side": "No",
        "position_size": 239999.970526,
        "avg_entry_price": null,
        "current_price": 0.9985,
        "unrealized_pnl_usd": null
      },
      {
        "market_id": "1484949",
        "outcome_index": 2,
        "address": "0xed107a85a4585a381e48c7f7ca4144909e7dd2e5",
        "owner_address": "0x07b0e21ff4a623c20a9042ab89c9641dedfcf528",
        "side": "No",
        "position_size": 239999.741942,
        "avg_entry_price": null,
        "current_price": 0.9985,
        "unrealized_pnl_usd": null
      },
      {
        "market_id": "1484949",
        "outcome_index": 2,
        "address": "0xc6dd722558dbfbd8fa780efcbe819ed8c6604b9f",
        "owner_address": "0x13cedf588f3c4acc373c54a9931ac5829593ae8d",
        "side": "No",
        "position_size": 235657.522864,
        "avg_entry_price": null,
        "current_price": 0.9985,
        "unrealized_pnl_usd": null
      },
      {
        "market_id": "1484949",
        "outcome_index": 2,
        "address": "0xc851cd9bee7d262afd78674f861f9f576a12cd2a",
        "owner_address": "0x",
        "side": "No",
        "position_size": 230855.80052,
        "avg_entry_price": null,
        "current_price": 0.9985,
        "unrealized_pnl_usd": null
      },
      {
        "market_id": "1484949",
        "outcome_index": 1,
        "address": "0xd7f85d0eb0fe0732ca38d9107ad0d4d01b1289e4",
        "owner_address": "0x",
        "side": "Yes",
        "position_size": 225035.671525,
        "avg_entry_price": null,
        "current_price": 0.0015,
        "unrealized_pnl_usd": null
      },
      {
        "market_id": "1484949",
        "outcome_index": 2,
        "address": "0x134a63b764ac7b008356e8db1857db94e6b09e42",
        "owner_address": "0x",
        "side": "No",
        "position_size": 219893.97666,
        "avg_entry_price": null,
        "current_price": 0.9985,
        "unrealized_pnl_usd": null
      },
      {
        "market_id": "1484949",
        "outcome_index": 1,
        "address": "0xb4b80604b88082badc7c49b368c7b9b9d0147271",
        "owner_address": "0x",
        "side": "Yes",
        "position_size": 204337.093806,
        "avg_entry_price": null,
        "current_price": 0.0015,
        "unrealized_pnl_usd": null
      }
    ]
  }
}

// Command: research prediction-market top-holders --market-id 958442 --limit 50
{
  "success": true,
  "data": {
    "pagination": {
      "page": 1,
      "per_page": 50,
      "is_last_page": false
    },
    "data": [
      {
        "market_id": "958442",
        "outcome_index": 1,
        "address": "0xa2536f292681daff7a048ab51fab6bdf81ecc48f",
        "owner_address": "0x48b08b27e06094f8436cb91e19a4b6f5f4089509",
        "side": "Yes",
        "position_size": 4141117.240656,
        "avg_entry_price": null,
        "current_price": 0.0015,
        "unrealized_pnl_usd": null
      },
      {
        "market_id": "958442",
        "outcome_index": 1,
        "address": "0xa7d1ae08567d192db3c3cf1858c62c76dc8cb824",
        "owner_address": "0x",
        "side": "Yes",
        "position_size": 2768992.628251,
        "avg_entry_price": null,
        "current_price": 0.0015,
        "unrealized_pnl_usd": null
      },
      {
        "market_id": "958442",
        "outcome_index": 1,
        "address": "0x11e50ec01d48adc0be2292cb8e2a5fee0369ee4d",
        "owner_address": "0x",
        "side": "Yes",
        "position_size": 1292372.650707,
        "avg_entry_price": null,
        "current_price": 0.0015,
        "unrealized_pnl_usd": null
      },
      {
        "market_id": "958442",
        "outcome_index": 2,
        "address": "0x02e7f29f3e612a95a9ccca7131ce7dd5d56b59e5",
        "owner_address": "0x864e996c3143026b6c230945dd917de1922347b3",
        "side": "No",
        "position_size": 1007422.109993,
        "avg_entry_price": null,
        "current_price": 0.9985,
        "unrealized_pnl_usd": null
      },
      {
        "market_id": "958442",
        "outcome_index": 2,
        "address": "0xf2436c4c52d99174d3f3bc999772ae61109558d2",
        "owner_address": "0x7c9063122c01837fe83da2521056e10c9b6dd129",
        "side": "No",
        "position_size": 1001701.439268,
        "avg_entry_price": null,
        "current_price": 0.9985,
        "unrealized_pnl_usd": null
      },
      {
        "market_id": "958442",
        "outcome_index": 1,
        "address": "0x01c71aa8916b94fa9c5e7f31ccebeb5a066d5764",
        "owner_address": "0x",
        "side": "Yes",
        "position_size": 645965.226061,
        "avg_entry_price": null,
        "current_price": 0.0015,
        "unrealized_pnl_usd": null
      },
      {
        "market_id": "958442",
        "outcome_index": 2,
        "address": "0xfffadf38a520cd5a0035ff52d7fceb436a08864b",
        "owner_address": "0x84003925fb27be5f45e53baa3f8ebfe16485d887",
        "side": "No",
        "position_size": 628248.952911,
        "avg_entry_price": null,
        "current_price": 0.9985,
        "unrealized_pnl_usd": null
      },
      {
        "market_id": "958442",
        "outcome_index": 2,
        "address": "0xe1194d05876b71b05572c1b59bd49a157f21e30f",
        "owner_address": "0x",
        "side": "No",
        "position_size": 603016.323062,
        "avg_entry_price": null,
        "current_price": 0.9985,
        "unrealized_pnl_usd": null
      },
      {
        "market_id": "958442",
        "outcome_index": 2,
        "address": "0xddff18c9e86262e62af046d818dda0c3de6f52d6",
        "owner_address": "0x",
        "side": "No",
        "position_size": 539314.856299,
        "avg_entry_price": null,
        "current_price": 0.9985,
        "unrealized_pnl_usd": null
      },
      {
        "market_id": "958442",
        "outcome_index": 2,
        "address": "0xadc2efbf97ce7b25f7a638aabdba196c657cd1c9",
        "owner_address": "0x18f120e8d3929f4ba2147ac5781cc86c2bd9ffb0",
        "side": "No",
        "position_size": 503999.767141,
        "avg_entry_price": null,
        "current_price": 0.9985,
        "unrealized_pnl_usd": null
      },
      {
        "market_id": "958442",
        "outcome_index": 2,
        "address": "0x9c2617462567859fcf5764e03b9a687ebca274bc",
        "owner_address": "0x635e876d6928a7812c49d0ad2603c9b6f3021e84",
        "side": "No",
        "position_size": 479964.984087,
        "avg_entry_price": null,
        "current_price": 0.9985,
        "unrealized_pnl_usd": null
      },
      {
        "market_id": "958442",
        "outcome_index": 2,
        "address": "0x521a8c20563ccc9e1c8ebfe5cfe6c8f9b2f8d12f",
        "owner_address": "0x",
        "side": "No",
        "position_size": 464079.7997,
        "avg_entry_price": null,
        "current_price": 0.9985,
        "unrealized_pnl_usd": null
      },
      {
        "market_id": "958442",
        "outcome_index": 2,
        "address": "0x69aa9fa621403e3a121b29ad77d32ba9eb5e8847",
        "owner_address": "0x",
        "side": "No",
        "position_size": 443546.408329,
        "avg_entry_price": null,
        "current_price": 0.9985,
        "unrealized_pnl_usd": null
      },
      {
        "market_id": "958442",
        "outcome_index": 1,
        "address": "0x8fba3aa991dc7df44f8a3b20a178e1781b7d433a",
        "owner_address": "0x",
        "side": "Yes",
        "position_size": 427228.927468,
        "avg_entry_price": null,
        "current_price": 0.0015,
        "unrealized_pnl_usd": null
      },
      {
        "market_id": "958442",
        "outcome_index": 2,
        "address": "0xc4d1a863e9cc45d02ba22d3a1ae9ba7822018ce8",
        "owner_address": "0x",
        "side": "No",
        "position_size": 392398.57,
        "avg_entry_price": null,
        "current_price": 0.9985,
        "unrealized_pnl_usd": null
      },
      {
        "market_id": "958442",
        "outcome_index": 2,
        "address": "0xe52c0a1327a12edc7bd54ea6f37ce00a4ca96924",
        "owner_address": "0x1fcccf65ddbe4b791362c74e93c1155fed842e5b",
        "side": "No",
        "position_size": 379296.41,
        "avg_entry_price": null,
        "current_price": 0.9985,
        "unrealized_pnl_usd": null
      },
      {
        "market_id": "958442",
        "outcome_index": 1,
        "address": "0x212811d8f025d0c927d52c540b5e8f01f73560ee",
        "owner_address": "0x",
        "side": "Yes",
        "position_size": 376356.934438,
        "avg_entry_price": null,
        "current_price": 0.0015,
        "unrealized_pnl_usd": null
      },
      {
        "market_id": "958442",
        "outcome_index": 2,
        "address": "0xc6587b11a2209e46dfe3928b31c5514a8e33b784",
        "owner_address": "0x8640a770436b418149544b37f1e156a095b9ce48",
        "side": "No",
        "position_size": 369722.26721,
        "avg_entry_price": null,
        "current_price": 0.9985,
        "unrealized_pnl_usd": null
      },
      {
        "market_id": "958442",
        "outcome_index": 2,
        "address": "0xb6c83e346ab31df6e24bc53ecb6e15c03b75b9e6",
        "owner_address": "0xa906e7b6c916af437fb81ca312390e9850c3e27a",
        "side": "No",
        "position_size": 330177.200011,
        "avg_entry_price": null,
        "current_price": 0.9985,
        "unrealized_pnl_usd": null
      },
      {
        "market_id": "958442",
        "outcome_index": 1,
        "address": "0x1caa6a7ad0c6916aef7b67946de2e57ad24846a0",
        "owner_address": "0x",
        "side": "Yes",
        "position_size": 298386.786796,
        "avg_entry_price": null,
        "current_price": 0.0015,
        "unrealized_pnl_usd": null
      },
      {
        "market_id": "958442",
        "outcome_index": 2,
        "address": "0xfb745c232f22c2bb9d2b66a1750c07a738601513",
        "owner_address": "0x89357aac93c54d62cc52afb239b522aa0f78fd05",
        "side": "No",
        "position_size": 278991.441719,
        "avg_entry_price": null,
        "current_price": 0.9985,
        "unrealized_pnl_usd": null
      },
      {
        "market_id": "958442",
        "outcome_index": 1,
        "address": "0x5ed3561e39d6c9a9622c6f84a782537df7f9b19e",
        "owner_address": "0x",
        "side": "Yes",
        "position_size": 273580.591152,
        "avg_entry_price": null,
        "current_price": 0.0015,
        "unrealized_pnl_usd": null
      },
      {
        "market_id": "958442",
        "outcome_index": 2,
        "address": "0xdbade4c82fb72780a0db9a38f821d8671aba9c95",
        "owner_address": "0x",
        "side": "No",
        "position_size": 273077.038462,
        "avg_entry_price": null,
        "current_price": 0.9985,
        "unrealized_pnl_usd": null
      },
      {
        "market_id": "958442",
        "outcome_index": 1,
        "address": "0x15a681d447124c90dbd85be526af18ca1611bf5d",
        "owner_address": "0x",
        "side": "Yes",
        "position_size": 242887.697404,
        "avg_entry_price": null,
        "current_price": 0.0015,
        "unrealized_pnl_usd": null
      },
      {
        "market_id": "958442",
        "outcome_index": 2,
        "address": "0x122cdd9db64fd8dc3ebab813218e3effe21f821f",
        "owner_address": "0x",
        "side": "No",
        "position_size": 240018.932325,
        "avg_entry_price": null,
        "current_price": 0.9985,
        "unrealized_pnl_usd": null
      },
      {
        "market_id": "958442",
        "outcome_index": 2,
        "address": "0x24c8cf69a0e0a17eee21f69d29752bfa32e823e1",
        "owner_address": "0xf6ae6df55d8108b2f22a13e14cfbdcdf62630439",
        "side": "No",
        "position_size": 230789.688885,
        "avg_entry_price": null,
        "current_price": 0.9985,
        "unrealized_pnl_usd": null
      },
      {
        "market_id": "958442",
        "outcome_index": 2,
        "address": "0x2d99e29c4f066ba32098c65e4c7454b277d94ca3",
        "owner_address": "0x6b4d0b9b25137ca56f342582fbe773c7cbc4be52",
        "side": "No",
        "position_size": 221277.886908,
        "avg_entry_price": null,
        "current_price": 0.9985,
        "unrealized_pnl_usd": null
      },
      {
        "market_id": "958442",
        "outcome_index": 2,
        "address": "0x1521b47bf0c41f6b7fd3ad41cdec566812c8f23e",
        "owner_address": "0x26c06ec7e6efbed4ecc21f567d1e876838c384ed",
        "side": "No",
        "position_size": 194300.851213,
        "avg_entry_price": null,
        "current_price": 0.9985,
        "unrealized_pnl_usd": null
      },
      {
        "market_id": "958442",
        "outcome_index": 2,
        "address": "0x095dcfb123a4bc035ee6b0d624bab0cc964352cf",
        "owner_address": "0x",
        "side": "No",
        "position_size": 193841.262343,
        "avg_entry_price": null,
        "current_price": 0.9985,
        "unrealized_pnl_usd": null
      },
      {
        "market_id": "958442",
        "outcome_index": 2,
        "address": "0x82a7183f93447d7a8ff5b4bd08eb0d74de266ed8",
        "owner_address": "0x41670eaf54980d4a52fd0985d6eb78854d0ac504",
        "side": "No",
        "position_size": 189472.527141,
        "avg_entry_price": null,
        "current_price": 0.9985,
        "unrealized_pnl_usd": null
      },
      {
        "market_id": "958442",
        "outcome_index": 1,
        "address": "0x26e7234a906e7e93d1272cde5d6118d94749cc6c",
        "owner_address": "0x0e8cb57a04a28decb9bd1755311ade698967fa97",
        "side": "Yes",
        "position_size": 180962.040646,
        "avg_entry_price": null,
        "current_price": 0.0015,
        "unrealized_pnl_usd": null
      },
      {
        "market_id": "958442",
        "outcome_index": 2,
        "address": "0x4d49acb0ae1c463eb5b1947d174141b812ba7450",
        "owner_address": "0x76181f35532e555268c54152f808c3dc8987446a",
        "side": "No",
        "position_size": 168705.78,
        "avg_entry_price": null,
        "current_price": 0.9985,
        "unrealized_pnl_usd": null
      },
      {
        "market_id": "958442",
        "outcome_index": 2,
        "address": "0x6ea6e1d28acc1c393b8fbf360c06d71a99a39261",
        "owner_address": "0x38e86e1dc073af1e027fc7f69f7faa33ccb70479",
        "side": "No",
        "position_size": 166818.217307,
        "avg_entry_price": null,
        "current_price": 0.9985,
        "unrealized_pnl_usd": null
      },
      {
        "market_id": "958442",
        "outcome_index": 2,
        "address": "0x7d0a771ddd2c63255013a1efb5f0e42659b38c6c",
        "owner_address": "0x9c1f9b97cd995a9c0cf0ffe20f4d2f5e9c830c09",
        "side": "No",
        "position_size": 160985.032499,
        "avg_entry_price": null,
        "current_price": 0.9985,
        "unrealized_pnl_usd": null
      },
      {
        "market_id": "958442",
        "outcome_index": 2,
        "address": "0x000d257d2dc7616feaef4ae0f14600fdf50a758e",
        "owner_address": "0x",
        "side": "No",
        "position_size": 158816.361353,
        "avg_entry_price": null,
        "current_price": 0.9985,
        "unrealized_pnl_usd": null
      },
      {
        "market_id": "958442",
        "outcome_index": 1,
        "address": "0xcb4c32ea10e917e5daac3710c64981aebdb66d64",
        "owner_address": "0x156646085f2f4829a10ead0b782db103a84bd396",
        "side": "Yes",
        "position_size": 156597.324326,
        "avg_entry_price": null,
        "current_price": 0.0015,
        "unrealized_pnl_usd": null
      },
      {
        "market_id": "958442",
        "outcome_index": 2,
        "address": "0x15fdd6a159788bd7d382f5669a047ad0fcb2cc95",
        "owner_address": "0x",
        "side": "No",
        "position_size": 154902.466115,
        "avg_entry_price": null,
        "current_price": 0.9985,
        "unrealized_pnl_usd": null
      },
      {
        "market_id": "958442",
        "outcome_index": 2,
        "address": "0xbacd00c9080a82ded56f504ee8810af732b0ab35",
        "owner_address": "0x47767120d0f2510fe07bb0a4a19068e51ba5927d",
        "side": "No",
        "position_size": 151377.118081,
        "avg_entry_price": null,
        "current_price": 0.9985,
        "unrealized_pnl_usd": null
      },
      {
        "market_id": "958442",
        "outcome_index": 2,
        "address": "0x7523cafcee7bcf2db9a79d80e0d79b88a9a54c4c",
        "owner_address": "0x",
        "side": "No",
        "position_size": 150000.359878,
        "avg_entry_price": null,
        "current_price": 0.9985,
        "unrealized_pnl_usd": null
      },
      {
        "market_id": "958442",
        "outcome_index": 2,
        "address": "0x96489abcb9f583d6835c8ef95ffc923d05a86825",
        "owner_address": "0x4d2352dd1719fac358b1c3132ad3779cb76da28c",
        "side": "No",
        "position_size": 149224.046034,
        "avg_entry_price": null,
        "current_price": 0.9985,
        "unrealized_pnl_usd": null
      },
      {
        "market_id": "958442",
        "outcome_index": 2,
        "address": "0x47ab026767cc320ac6e62f6ec747d59cf4d795df",
        "owner_address": "0x93a692fe5477902c3cf5f6997c1cf59a3712ced4",
        "side": "No",
        "position_size": 147417.066867,
        "avg_entry_price": null,
        "current_price": 0.9985,
        "unrealized_pnl_usd": null
      },
      {
        "market_id": "958442",
        "outcome_index": 2,
        "address": "0xa30e451354cb41cfd46689a065defed989ea49d5",
        "owner_address": "0x",
        "side": "No",
        "position_size": 141535.643302,
        "avg_entry_price": null,
        "current_price": 0.9985,
        "unrealized_pnl_usd": null
      },
      {
        "market_id": "958442",
        "outcome_index": 2,
        "address": "0x8b4bca1d794779e66e023d44391b2a86c5ab541b",
        "owner_address": "0x9f07dc88dc450978e5ddf973f6a0236a7cfbf99a",
        "side": "No",
        "position_size": 139328.64676,
        "avg_entry_price": null,
        "current_price": 0.9985,
        "unrealized_pnl_usd": null
      },
      {
        "market_id": "958442",
        "outcome_index": 2,
        "address": "0xce71bed9dd1418abc34d244730879d795e8683bc",
        "owner_address": "0x5c46e25e2d7ad37cc0222760752c9bff291bd2b9",
        "side": "No",
        "position_size": 135593.002771,
        "avg_entry_price": null,
        "current_price": 0.9985,
        "unrealized_pnl_usd": null
      },
      {
        "market_id": "958442",
        "outcome_index": 1,
        "address": "0x64db84746e703cc03e24b31d0ff248e36cc189bb",
        "owner_address": "0x",
        "side": "Yes",
        "position_size": 133314.654026,
        "avg_entry_price": null,
        "current_price": 0.0015,
        "unrealized_pnl_usd": null
      },
      {
        "market_id": "958442",
        "outcome_index": 2,
        "address": "0x63d43bbb87f85af03b8f2f9e2fad7b54334fa2f1",
        "owner_address": "0x",
        "side": "No",
        "position_size": 130000.024081,
        "avg_entry_price": null,
        "current_price": 0.9985,
        "unrealized_pnl_usd": null
      },
      {
        "market_id": "958442",
        "outcome_index": 1,
        "address": "0x5d05b1f588780423488a09d9aefeb64df54d6320",
        "owner_address": "0xd10b00a18802ff604c5aaa9ce3fc4e99221a2c6e",
        "side": "Yes",
        "position_size": 129084.369785,
        "avg_entry_price": null,
        "current_price": 0.0015,
        "unrealized_pnl_usd": null
      },
      {
        "market_id": "958442",
        "outcome_index": 1,
        "address": "0x2ce36bb42acf2e728934d3af049176f1ae6f966b",
        "owner_address": "0x11188ab5e98dfd2095d310c1ce656d59e2053822",
        "side": "Yes",
        "position_size": 126388.709549,
        "avg_entry_price": null,
        "current_price": 0.0015,
        "unrealized_pnl_usd": null
      },
      {
        "market_id": "958442",
        "outcome_index": 2,
        "address": "0xc851cd9bee7d262afd78674f861f9f576a12cd2a",
        "owner_address": "0x",
        "side": "No",
        "position_size": 123272.46,
        "avg_entry_price": null,
        "current_price": 0.9985,
        "unrealized_pnl_usd": null
      },
      {
        "market_id": "958442",
        "outcome_index": 1,
        "address": "0x93fb8127a1b21a112b11af936361225df0563e4a",
        "owner_address": "0xc73a73e3bca0e0b944dc09bba6647aca552109ed",
        "side": "Yes",
        "position_size": 114865.12,
        "avg_entry_price": null,
        "current_price": 0.0015,
        "unrealized_pnl_usd": null
      }
    ]
  }
}

// Command: research prediction-market top-holders --market-id 1162940 --limit 50
{
  "success": true,
  "data": {
    "pagination": {
      "page": 1,
      "per_page": 50,
      "is_last_page": false
    },
    "data": [
      {
        "market_id": "1162940",
        "outcome_index": 1,
        "address": "0xa7d1ae08567d192db3c3cf1858c62c76dc8cb824",
        "owner_address": "0x",
        "side": "Yes",
        "position_size": 907327.228855,
        "avg_entry_price": null,
        "current_price": 0.0485,
        "unrealized_pnl_usd": null
      },
      {
        "market_id": "1162940",
        "outcome_index": 2,
        "address": "0x96489abcb9f583d6835c8ef95ffc923d05a86825",
        "owner_address": "0x4d2352dd1719fac358b1c3132ad3779cb76da28c",
        "side": "No",
        "position_size": 853199.976814,
        "avg_entry_price": null,
        "current_price": 0.9515,
        "unrealized_pnl_usd": null
      },
      {
        "market_id": "1162940",
        "outcome_index": 1,
        "address": "0x11e50ec01d48adc0be2292cb8e2a5fee0369ee4d",
        "owner_address": "0x",
        "side": "Yes",
        "position_size": 633648.361197,
        "avg_entry_price": null,
        "current_price": 0.0485,
        "unrealized_pnl_usd": null
      },
      {
        "market_id": "1162940",
        "outcome_index": 2,
        "address": "0x129a74a461309a9e4ebba1fa1403668c45cf9fb6",
        "owner_address": "0x",
        "side": "No",
        "position_size": 410828.915734,
        "avg_entry_price": null,
        "current_price": 0.9515,
        "unrealized_pnl_usd": null
      },
      {
        "market_id": "1162940",
        "outcome_index": 1,
        "address": "0x53e55bc7cb3d67ad177c023ce891ad076a9d6177",
        "owner_address": "0xb3d9bf78226cf1104e8eb184d9e77d5f6ef79ced",
        "side": "Yes",
        "position_size": 399929.215767,
        "avg_entry_price": null,
        "current_price": 0.0485,
        "unrealized_pnl_usd": null
      },
      {
        "market_id": "1162940",
        "outcome_index": 2,
        "address": "0x9b698f70112f28cf7e9537214330cfdbf84f38d3",
        "owner_address": "0x",
        "side": "No",
        "position_size": 366005.936749,
        "avg_entry_price": null,
        "current_price": 0.9515,
        "unrealized_pnl_usd": null
      },
      {
        "market_id": "1162940",
        "outcome_index": 2,
        "address": "0x842ac0abb64acddb573b459a8f58f77e123092f5",
        "owner_address": "0xeb9b0a7844ed7be427fd3d7d23765b1901ee7c20",
        "side": "No",
        "position_size": 343794.414092,
        "avg_entry_price": null,
        "current_price": 0.9515,
        "unrealized_pnl_usd": null
      },
      {
        "market_id": "1162940",
        "outcome_index": 2,
        "address": "0x848921be10e51b1547d50548a54b38a1778ec184",
        "owner_address": "0x",
        "side": "No",
        "position_size": 328586.072814,
        "avg_entry_price": null,
        "current_price": 0.9515,
        "unrealized_pnl_usd": null
      },
      {
        "market_id": "1162940",
        "outcome_index": 1,
        "address": "0xa25c6a3a28c922f6fc8322a76d209f943b026430",
        "owner_address": "0x",
        "side": "Yes",
        "position_size": 301466.162201,
        "avg_entry_price": null,
        "current_price": 0.0485,
        "unrealized_pnl_usd": null
      },
      {
        "market_id": "1162940",
        "outcome_index": 2,
        "address": "0x50eb8c6b07e987fbf3b06cd92f571768a3befc67",
        "owner_address": "0x",
        "side": "No",
        "position_size": 257601.91498,
        "avg_entry_price": null,
        "current_price": 0.9515,
        "unrealized_pnl_usd": null
      },
      {
        "market_id": "1162940",
        "outcome_index": 2,
        "address": "0x1354e9d95f76b02d8e6e606bc52e35f88f7cad04",
        "owner_address": "0x",
        "side": "No",
        "position_size": 251145.360658,
        "avg_entry_price": null,
        "current_price": 0.9515,
        "unrealized_pnl_usd": null
      },
      {
        "market_id": "1162940",
        "outcome_index": 1,
        "address": "0xa43a6e76945b02f10ebc9cfdd641b6299af494b2",
        "owner_address": "0x0e33c40fa75efa51603653b5951c0d8d1d432470",
        "side": "Yes",
        "position_size": 233242.438499,
        "avg_entry_price": null,
        "current_price": 0.0485,
        "unrealized_pnl_usd": null
      },
      {
        "market_id": "1162940",
        "outcome_index": 2,
        "address": "0xc09d4fad8d3bfc629c7e5bc2dc237812b610e09f",
        "owner_address": "0x",
        "side": "No",
        "position_size": 216321.622973,
        "avg_entry_price": null,
        "current_price": 0.9515,
        "unrealized_pnl_usd": null
      },
      {
        "market_id": "1162940",
        "outcome_index": 2,
        "address": "0x340b374046d3e8d97da8d6c9b7fd6e4bf74d797b",
        "owner_address": "0x",
        "side": "No",
        "position_size": 159999.821967,
        "avg_entry_price": null,
        "current_price": 0.9515,
        "unrealized_pnl_usd": null
      },
      {
        "market_id": "1162940",
        "outcome_index": 1,
        "address": "0xb41b12af1a3b4e1b021794dc24d5fef1c84f0d99",
        "owner_address": "0xcf171b85449ace6819a4d5797a42b54386c73ede",
        "side": "Yes",
        "position_size": 142160.378443,
        "avg_entry_price": null,
        "current_price": 0.0485,
        "unrealized_pnl_usd": null
      },
      {
        "market_id": "1162940",
        "outcome_index": 1,
        "address": "0x39fb70130977938f4f6d5cfe5e9fced522e332c7",
        "owner_address": "0x",
        "side": "Yes",
        "position_size": 139441.49386,
        "avg_entry_price": null,
        "current_price": 0.0485,
        "unrealized_pnl_usd": null
      },
      {
        "market_id": "1162940",
        "outcome_index": 2,
        "address": "0xc4d1a863e9cc45d02ba22d3a1ae9ba7822018ce8",
        "owner_address": "0x",
        "side": "No",
        "position_size": 130569.334468,
        "avg_entry_price": null,
        "current_price": 0.9515,
        "unrealized_pnl_usd": null
      },
      {
        "market_id": "1162940",
        "outcome_index": 1,
        "address": "0x593d34a154134f3b1aa83771581cb68f92cf7d5d",
        "owner_address": "0x",
        "side": "Yes",
        "position_size": 129159.98,
        "avg_entry_price": null,
        "current_price": 0.0485,
        "unrealized_pnl_usd": null
      },
      {
        "market_id": "1162940",
        "outcome_index": 2,
        "address": "0xa3ff29e34b23b468b4ff5dbba28ad9e56bcd540e",
        "owner_address": "0x",
        "side": "No",
        "position_size": 117720.492463,
        "avg_entry_price": null,
        "current_price": 0.9515,
        "unrealized_pnl_usd": null
      },
      {
        "market_id": "1162940",
        "outcome_index": 2,
        "address": "0xecaa8806a9a05049d7d5260a33dc924220e377a9",
        "owner_address": "0x",
        "side": "No",
        "position_size": 109500.970273,
        "avg_entry_price": null,
        "current_price": 0.9515,
        "unrealized_pnl_usd": null
      },
      {
        "market_id": "1162940",
        "outcome_index": 2,
        "address": "0xf2938afd7a299b30b128af2da9f8aa549f7165ee",
        "owner_address": "0x",
        "side": "No",
        "position_size": 109328.085215,
        "avg_entry_price": null,
        "current_price": 0.9515,
        "unrealized_pnl_usd": null
      },
      {
        "market_id": "1162940",
        "outcome_index": 2,
        "address": "0xdbade4c82fb72780a0db9a38f821d8671aba9c95",
        "owner_address": "0x",
        "side": "No",
        "position_size": 103999.959724,
        "avg_entry_price": null,
        "current_price": 0.9515,
        "unrealized_pnl_usd": null
      },
      {
        "market_id": "1162940",
        "outcome_index": 2,
        "address": "0xd923b58e7874de549b0b9bd07db49eeb2878f400",
        "owner_address": "0x6c170d3ce82b3a4ad756800ae68ee7b77c502800",
        "side": "No",
        "position_size": 101685.871706,
        "avg_entry_price": null,
        "current_price": 0.9515,
        "unrealized_pnl_usd": null
      },
      {
        "market_id": "1162940",
        "outcome_index": 2,
        "address": "0xd3592c19754c799e04ed743c8ff00ce6ac0e6007",
        "owner_address": "0x453dc888906cb8bc83ba5549eba9067d7139ec29",
        "side": "No",
        "position_size": 99918.370346,
        "avg_entry_price": null,
        "current_price": 0.9515,
        "unrealized_pnl_usd": null
      },
      {
        "market_id": "1162940",
        "outcome_index": 2,
        "address": "0xbb8e6477bcb4d0a79449507c607d36fd228fb243",
        "owner_address": "0x",
        "side": "No",
        "position_size": 83316.84,
        "avg_entry_price": null,
        "current_price": 0.9515,
        "unrealized_pnl_usd": null
      },
      {
        "market_id": "1162940",
        "outcome_index": 1,
        "address": "0xb2d7cebe60e8e667b177993e382ff3b95b81312c",
        "owner_address": "0x",
        "side": "Yes",
        "position_size": 83015.89708,
        "avg_entry_price": null,
        "current_price": 0.0485,
        "unrealized_pnl_usd": null
      },
      {
        "market_id": "1162940",
        "outcome_index": 2,
        "address": "0x64d9c4c9994321dc660efe7ddbf457c49f7846e6",
        "owner_address": "0x14fecc6c148dea31afec5472da1e7e22187109c0",
        "side": "No",
        "position_size": 78537.238159,
        "avg_entry_price": null,
        "current_price": 0.9515,
        "unrealized_pnl_usd": null
      },
      {
        "market_id": "1162940",
        "outcome_index": 1,
        "address": "0x05670a9813243e7a5af6ffa2aa013b4960fd2c55",
        "owner_address": "0x803fc5febdbd5b5da63ced2b4034da9a9bc427e8",
        "side": "Yes",
        "position_size": 76478.368862,
        "avg_entry_price": null,
        "current_price": 0.0485,
        "unrealized_pnl_usd": null
      },
      {
        "market_id": "1162940",
        "outcome_index": 2,
        "address": "0xcb8958d949be35a5727225f176c4b60ad97f8803",
        "owner_address": "0x",
        "side": "No",
        "position_size": 73650.988487,
        "avg_entry_price": null,
        "current_price": 0.9515,
        "unrealized_pnl_usd": null
      },
      {
        "market_id": "1162940",
        "outcome_index": 1,
        "address": "0x8fd8afe8f65b3f9ff38a620d2aabf5513f568e08",
        "owner_address": "0x",
        "side": "Yes",
        "position_size": 73594.735993,
        "avg_entry_price": null,
        "current_price": 0.0485,
        "unrealized_pnl_usd": null
      },
      {
        "market_id": "1162940",
        "outcome_index": 2,
        "address": "0x7ab480c23d8a0d5a6e95c2b10a5b82bf55aa716b",
        "owner_address": "0xcb921a7687f8ae0534da8202f583a37f32d9cac5",
        "side": "No",
        "position_size": 73536.389985,
        "avg_entry_price": null,
        "current_price": 0.9515,
        "unrealized_pnl_usd": null
      },
      {
        "market_id": "1162940",
        "outcome_index": 2,
        "address": "0x75d1b199a96801338e67a6efaa35c0028ea87a5f",
        "owner_address": "0xdc24c4e821360fd5850572b0a9810cd21470a038",
        "side": "No",
        "position_size": 70000,
        "avg_entry_price": null,
        "current_price": 0.9515,
        "unrealized_pnl_usd": null
      },
      {
        "market_id": "1162940",
        "outcome_index": 1,
        "address": "0xa41e7f2866a8a2afda511d89468cda85ad9430f9",
        "owner_address": "0x3f45d4f3b7c6df94fc233798f7824b77c931a462",
        "side": "Yes",
        "position_size": 69672.878202,
        "avg_entry_price": null,
        "current_price": 0.0485,
        "unrealized_pnl_usd": null
      },
      {
        "market_id": "1162940",
        "outcome_index": 1,
        "address": "0x5ae56cbb75e93991d871e3f9a7ef6088702168e1",
        "owner_address": "0x",
        "side": "Yes",
        "position_size": 65097.727661,
        "avg_entry_price": null,
        "current_price": 0.0485,
        "unrealized_pnl_usd": null
      },
      {
        "market_id": "1162940",
        "outcome_index": 1,
        "address": "0xd2a805f1ff9d1cb1bc89c21c8f9c4aa7254f5c27",
        "owner_address": "0x",
        "side": "Yes",
        "position_size": 64706.429365,
        "avg_entry_price": null,
        "current_price": 0.0485,
        "unrealized_pnl_usd": null
      },
      {
        "market_id": "1162940",
        "outcome_index": 2,
        "address": "0xd1a414051dc93c7ccb52d11d98a151bac3c08178",
        "owner_address": "0x",
        "side": "No",
        "position_size": 63696.463724,
        "avg_entry_price": null,
        "current_price": 0.9515,
        "unrealized_pnl_usd": null
      },
      {
        "market_id": "1162940",
        "outcome_index": 1,
        "address": "0xbacd00c9080a82ded56f504ee8810af732b0ab35",
        "owner_address": "0x47767120d0f2510fe07bb0a4a19068e51ba5927d",
        "side": "Yes",
        "position_size": 62270.583917,
        "avg_entry_price": null,
        "current_price": 0.0485,
        "unrealized_pnl_usd": null
      },
      {
        "market_id": "1162940",
        "outcome_index": 1,
        "address": "0x3886ab2991cd3fcac43087adacd9db82aae399c9",
        "owner_address": "0x",
        "side": "Yes",
        "position_size": 60765.909627,
        "avg_entry_price": null,
        "current_price": 0.0485,
        "unrealized_pnl_usd": null
      },
      {
        "market_id": "1162940",
        "outcome_index": 2,
        "address": "0xc6587b11a2209e46dfe3928b31c5514a8e33b784",
        "owner_address": "0x8640a770436b418149544b37f1e156a095b9ce48",
        "side": "No",
        "position_size": 60000,
        "avg_entry_price": null,
        "current_price": 0.9515,
        "unrealized_pnl_usd": null
      },
      {
        "market_id": "1162940",
        "outcome_index": 1,
        "address": "0xc417751d89fc02b6375d3cd5d91c4f81f15c3ca6",
        "owner_address": "0x",
        "side": "Yes",
        "position_size": 59999.85107,
        "avg_entry_price": null,
        "current_price": 0.0485,
        "unrealized_pnl_usd": null
      },
      {
        "market_id": "1162940",
        "outcome_index": 2,
        "address": "0xfb5148fc7223630e0967dbfa8cd920d83ab4742d",
        "owner_address": "0x",
        "side": "No",
        "position_size": 58867.11342,
        "avg_entry_price": null,
        "current_price": 0.9515,
        "unrealized_pnl_usd": null
      },
      {
        "market_id": "1162940",
        "outcome_index": 1,
        "address": "0x7e5e420a5cde8a322f3b5b93a12a164827f47315",
        "owner_address": "0x34e2cb7513a50b19f450a067ed5230a86c13a2e9",
        "side": "Yes",
        "position_size": 57120.931171,
        "avg_entry_price": null,
        "current_price": 0.0485,
        "unrealized_pnl_usd": null
      },
      {
        "market_id": "1162940",
        "outcome_index": 1,
        "address": "0x9f0968feb4ea38e9308a83ce227059458d932848",
        "owner_address": "0x1a503c16f1965a5e841304fe0416951d540f8f04",
        "side": "Yes",
        "position_size": 55290.570439,
        "avg_entry_price": null,
        "current_price": 0.0485,
        "unrealized_pnl_usd": null
      },
      {
        "market_id": "1162940",
        "outcome_index": 1,
        "address": "0x87ad5e16a6443f91bc9508d274c9572515b7fd81",
        "owner_address": "0x",
        "side": "Yes",
        "position_size": 53941.176469,
        "avg_entry_price": null,
        "current_price": 0.0485,
        "unrealized_pnl_usd": null
      },
      {
        "market_id": "1162940",
        "outcome_index": 1,
        "address": "0x93fb8127a1b21a112b11af936361225df0563e4a",
        "owner_address": "0xc73a73e3bca0e0b944dc09bba6647aca552109ed",
        "side": "Yes",
        "position_size": 53605.92,
        "avg_entry_price": null,
        "current_price": 0.0485,
        "unrealized_pnl_usd": null
      },
      {
        "market_id": "1162940",
        "outcome_index": 2,
        "address": "0xf38e6583dfa37026ee25cf0a567b8cef6307a38a",
        "owner_address": "0x",
        "side": "No",
        "position_size": 53133.45,
        "avg_entry_price": null,
        "current_price": 0.9515,
        "unrealized_pnl_usd": null
      },
      {
        "market_id": "1162940",
        "outcome_index": 1,
        "address": "0x10f46954c11f9b6b40cb0a390efab28032d27728",
        "owner_address": "0x476425320ff824ace897311a00e174b682453728",
        "side": "Yes",
        "position_size": 52842.83869,
        "avg_entry_price": null,
        "current_price": 0.0485,
        "unrealized_pnl_usd": null
      },
      {
        "market_id": "1162940",
        "outcome_index": 2,
        "address": "0x5cd5c8d7a17c78d7389d8b87b611aed83322ac33",
        "owner_address": "0x",
        "side": "No",
        "position_size": 51571.165673,
        "avg_entry_price": null,
        "current_price": 0.9515,
        "unrealized_pnl_usd": null
      },
      {
        "market_id": "1162940",
        "outcome_index": 2,
        "address": "0x6bab41a0dc40d6dd4c1a915b8c01969479fd1292",
        "owner_address": "0xd7f6ebdf0235f587154e2d7d38f9d80568494993",
        "side": "No",
        "position_size": 51422.857187,
        "avg_entry_price": null,
        "current_price": 0.9515,
        "unrealized_pnl_usd": null
      },
      {
        "market_id": "1162940",
        "outcome_index": 2,
        "address": "0xf02fc3a5300fa82a3d1b844d7ff28803c168e93d",
        "owner_address": "0xc6bc4d7ae920f96d673d9f446be0fb4753beb47e",
        "side": "No",
        "position_size": 50984,
        "avg_entry_price": null,
        "current_price": 0.9515,
        "unrealized_pnl_usd": null
      }
    ]
  }
}

// Command: research prediction-market top-holders --market-id 558967 --limit 50
{
  "success": true,
  "data": {
    "pagination": {
      "page": 1,
      "per_page": 50,
      "is_last_page": false
    },
    "data": [
      {
        "market_id": "558967",
        "outcome_index": 2,
        "address": "0xa5ef39c3d3e10d0b270233af41cac69796b12966",
        "owner_address": "0x",
        "side": "No",
        "position_size": 2371992.804116,
        "avg_entry_price": null,
        "current_price": 0.9965,
        "unrealized_pnl_usd": null
      },
      {
        "market_id": "558967",
        "outcome_index": 1,
        "address": "0x43e98f912cd6ddadaad88d3297e78c0648e688e5",
        "owner_address": "0x",
        "side": "Yes",
        "position_size": 1810440.841878,
        "avg_entry_price": null,
        "current_price": 0.0035,
        "unrealized_pnl_usd": null
      },
      {
        "market_id": "558967",
        "outcome_index": 1,
        "address": "0x801ba46b0e7ba3f82e6a3cfcedb436318e43e036",
        "owner_address": "0x75f753af9a10308129abe02e281ba098348fcc17",
        "side": "Yes",
        "position_size": 227801.972337,
        "avg_entry_price": null,
        "current_price": 0.0035,
        "unrealized_pnl_usd": null
      },
      {
        "market_id": "558967",
        "outcome_index": 1,
        "address": "0x51fd8f0358cc9e8a1ee5f87a0c7e3b07ed634272",
        "owner_address": "0xdedd75caab1fc3241f9e81a08e0988d333a4d4ff",
        "side": "Yes",
        "position_size": 104462.204989,
        "avg_entry_price": null,
        "current_price": 0.0035,
        "unrealized_pnl_usd": null
      },
      {
        "market_id": "558967",
        "outcome_index": 1,
        "address": "0xbefa95c276ee8ef6ff3ef43d1c1c454f52bc300d",
        "owner_address": "0xb42bdee824dcc864906224af7491d601bfdb4363",
        "side": "Yes",
        "position_size": 50999.033334,
        "avg_entry_price": null,
        "current_price": 0.0035,
        "unrealized_pnl_usd": null
      },
      {
        "market_id": "558967",
        "outcome_index": 1,
        "address": "0xdd9ed02bb67b2ec504be24b98febd651fdac49b3",
        "owner_address": "0x",
        "side": "Yes",
        "position_size": 46187.957675,
        "avg_entry_price": null,
        "current_price": 0.0035,
        "unrealized_pnl_usd": null
      },
      {
        "market_id": "558967",
        "outcome_index": 1,
        "address": "0x9693bfd74b039f380f79573dde8e356dafff8a2c",
        "owner_address": "0x",
        "side": "Yes",
        "position_size": 36999.999999,
        "avg_entry_price": null,
        "current_price": 0.0035,
        "unrealized_pnl_usd": null
      },
      {
        "market_id": "558967",
        "outcome_index": 1,
        "address": "0x5a67351199066f47fedde22cebe44376cb709129",
        "owner_address": "0x",
        "side": "Yes",
        "position_size": 30180,
        "avg_entry_price": null,
        "current_price": 0.0035,
        "unrealized_pnl_usd": null
      },
      {
        "market_id": "558967",
        "outcome_index": 1,
        "address": "0x9703676286b93c2eca71ca96e8757104519a69c2",
        "owner_address": "0x",
        "side": "Yes",
        "position_size": 23504.510002,
        "avg_entry_price": null,
        "current_price": 0.0035,
        "unrealized_pnl_usd": null
      },
      {
        "market_id": "558967",
        "outcome_index": 1,
        "address": "0x8afe2928131558a60e018c947dded0a72fa05687",
        "owner_address": "0x",
        "side": "Yes",
        "position_size": 16666.666666,
        "avg_entry_price": null,
        "current_price": 0.0035,
        "unrealized_pnl_usd": null
      },
      {
        "market_id": "558967",
        "outcome_index": 1,
        "address": "0xd568130f9f6498b04f985a157aed36d90ebbba70",
        "owner_address": "0xfad4b23296ae0e40545ce0d53aaa389e77fc08f7",
        "side": "Yes",
        "position_size": 13223.740661,
        "avg_entry_price": null,
        "current_price": 0.0035,
        "unrealized_pnl_usd": null
      },
      {
        "market_id": "558967",
        "outcome_index": 1,
        "address": "0x06e8cb40376ff9f06d926e71a0740821f1914675",
        "owner_address": "0x",
        "side": "Yes",
        "position_size": 13155.1898,
        "avg_entry_price": null,
        "current_price": 0.0035,
        "unrealized_pnl_usd": null
      },
      {
        "market_id": "558967",
        "outcome_index": 1,
        "address": "0x2663daca3cecf3767ca1c3b126002a8578a8ed1f",
        "owner_address": "0x",
        "side": "Yes",
        "position_size": 12853.239342,
        "avg_entry_price": null,
        "current_price": 0.0035,
        "unrealized_pnl_usd": null
      },
      {
        "market_id": "558967",
        "outcome_index": 1,
        "address": "0xfb1fcc172838e7fd2a3cf502b174a2599e137043",
        "owner_address": "0x",
        "side": "Yes",
        "position_size": 12499.951,
        "avg_entry_price": null,
        "current_price": 0.0035,
        "unrealized_pnl_usd": null
      },
      {
        "market_id": "558967",
        "outcome_index": 1,
        "address": "0x53a056185b6eb6e24fc43f6fc60b7861d2062a61",
        "owner_address": "0x",
        "side": "Yes",
        "position_size": 10000,
        "avg_entry_price": null,
        "current_price": 0.0035,
        "unrealized_pnl_usd": null
      },
      {
        "market_id": "558967",
        "outcome_index": 1,
        "address": "0x668d85d791049bf0100e557a72c7ed4dc97297d2",
        "owner_address": "0xc39c408daf1b802ec7e1ce9d8731c5b6622ba14d",
        "side": "Yes",
        "position_size": 9346.322171,
        "avg_entry_price": null,
        "current_price": 0.0035,
        "unrealized_pnl_usd": null
      },
      {
        "market_id": "558967",
        "outcome_index": 1,
        "address": "0x7f4014f09c751b7f624546801c135f73cba7b60e",
        "owner_address": "0xd53f5b2eede486e38eb71e3a3374e9ccee92a335",
        "side": "Yes",
        "position_size": 8729,
        "avg_entry_price": null,
        "current_price": 0.0035,
        "unrealized_pnl_usd": null
      },
      {
        "market_id": "558967",
        "outcome_index": 1,
        "address": "0xe8dd7741ccb12350957ec71e9ee332e0d1e6ec86",
        "owner_address": "0x0001a477dfa60f2f0b5309579ea1aec04e022625",
        "side": "Yes",
        "position_size": 7213.935435,
        "avg_entry_price": null,
        "current_price": 0.0035,
        "unrealized_pnl_usd": null
      },
      {
        "market_id": "558967",
        "outcome_index": 1,
        "address": "0x73158a0e9a334952ddea42d60cfe138122ffaa69",
        "owner_address": "0x",
        "side": "Yes",
        "position_size": 5700,
        "avg_entry_price": null,
        "current_price": 0.0035,
        "unrealized_pnl_usd": null
      },
      {
        "market_id": "558967",
        "outcome_index": 1,
        "address": "0x4dc3f021fa105f0659d1dc3afd582be58c86fce2",
        "owner_address": "0xef9db805ca0b97dd70620f26ac5b4fb733a80887",
        "side": "Yes",
        "position_size": 5000,
        "avg_entry_price": null,
        "current_price": 0.0035,
        "unrealized_pnl_usd": null
      },
      {
        "market_id": "558967",
        "outcome_index": 1,
        "address": "0x9a6946f04f8601ae274814699ff18004e8b39d47",
        "owner_address": "0xbab5392c98666e41992dabc417c29338dcceb1aa",
        "side": "Yes",
        "position_size": 5000,
        "avg_entry_price": null,
        "current_price": 0.0035,
        "unrealized_pnl_usd": null
      },
      {
        "market_id": "558967",
        "outcome_index": 1,
        "address": "0x93bdc711997511bfed9f183dbf079628a9ea59ce",
        "owner_address": "0xd5ba092eab9a149eb2f816193464cb2dc2258cf1",
        "side": "Yes",
        "position_size": 4877.0915,
        "avg_entry_price": null,
        "current_price": 0.0035,
        "unrealized_pnl_usd": null
      },
      {
        "market_id": "558967",
        "outcome_index": 1,
        "address": "0x63d43bbb87f85af03b8f2f9e2fad7b54334fa2f1",
        "owner_address": "0x",
        "side": "Yes",
        "position_size": 4825.81,
        "avg_entry_price": null,
        "current_price": 0.0035,
        "unrealized_pnl_usd": null
      },
      {
        "market_id": "558967",
        "outcome_index": 1,
        "address": "0x16cbe223607a6513ae76d1e3751c78e4eabc2704",
        "owner_address": "0x",
        "side": "Yes",
        "position_size": 4545.114847,
        "avg_entry_price": null,
        "current_price": 0.0035,
        "unrealized_pnl_usd": null
      },
      {
        "market_id": "558967",
        "outcome_index": 1,
        "address": "0x7329e7d58d9d2e25b58e39af7da00d5c1afb6768",
        "owner_address": "0x",
        "side": "Yes",
        "position_size": 4333.333333,
        "avg_entry_price": null,
        "current_price": 0.0035,
        "unrealized_pnl_usd": null
      },
      {
        "market_id": "558967",
        "outcome_index": 1,
        "address": "0x074003cb6898c91e6acfde16ffcc868602ee7704",
        "owner_address": "0x52ac677e23fe40e6bd8ad13e976137b7753171dc",
        "side": "Yes",
        "position_size": 3999.999999,
        "avg_entry_price": null,
        "current_price": 0.0035,
        "unrealized_pnl_usd": null
      },
      {
        "market_id": "558967",
        "outcome_index": 1,
        "address": "0xb0414fc923d49c966d4e413ccfbeac2436278b85",
        "owner_address": "0xd134cf15f09e86a8cda40f850460886592da4f7a",
        "side": "Yes",
        "position_size": 3583.3,
        "avg_entry_price": null,
        "current_price": 0.0035,
        "unrealized_pnl_usd": null
      },
      {
        "market_id": "558967",
        "outcome_index": 1,
        "address": "0xe7ecc8e0837b15b3928bead62f8cb4e08414a3ad",
        "owner_address": "0x253ecd2a42743677eed787b341d766659c60e4d3",
        "side": "Yes",
        "position_size": 3333.333333,
        "avg_entry_price": null,
        "current_price": 0.0035,
        "unrealized_pnl_usd": null
      },
      {
        "market_id": "558967",
        "outcome_index": 1,
        "address": "0xe94a640cdf4bda5b07cb269f96413115102e0ff1",
        "owner_address": "0x",
        "side": "Yes",
        "position_size": 3266.88,
        "avg_entry_price": null,
        "current_price": 0.0035,
        "unrealized_pnl_usd": null
      },
      {
        "market_id": "558967",
        "outcome_index": 1,
        "address": "0x48b7cd96d76963bb8e74f1eb8df59ed27abc63f1",
        "owner_address": "0x8dace99831d3b317cef7ac1845e7ddf944c539af",
        "side": "Yes",
        "position_size": 3166.666666,
        "avg_entry_price": null,
        "current_price": 0.0035,
        "unrealized_pnl_usd": null
      },
      {
        "market_id": "558967",
        "outcome_index": 1,
        "address": "0x4452f3af1c11b4d0919c606277a8a2f0dca48b89",
        "owner_address": "0x",
        "side": "Yes",
        "position_size": 3131.8,
        "avg_entry_price": null,
        "current_price": 0.0035,
        "unrealized_pnl_usd": null
      },
      {
        "market_id": "558967",
        "outcome_index": 1,
        "address": "0xd218e474776403a330142299f7796e8ba32eb5c9",
        "owner_address": "0x",
        "side": "Yes",
        "position_size": 3011.702329,
        "avg_entry_price": null,
        "current_price": 0.0035,
        "unrealized_pnl_usd": null
      },
      {
        "market_id": "558967",
        "outcome_index": 1,
        "address": "0x888efebcf61b6fd2186c81b0b3c600d733eeb1a6",
        "owner_address": "0xc01385699ea233bab6416ad63b03340678122ee2",
        "side": "Yes",
        "position_size": 3000,
        "avg_entry_price": null,
        "current_price": 0.0035,
        "unrealized_pnl_usd": null
      },
      {
        "market_id": "558967",
        "outcome_index": 1,
        "address": "0xc2e1cfcd977e480a2afe38924a65948bc7be6b4c",
        "owner_address": "0xec2d7f0b07ad4aac0181db2814ac88d743a797d3",
        "side": "Yes",
        "position_size": 2733.333332,
        "avg_entry_price": null,
        "current_price": 0.0035,
        "unrealized_pnl_usd": null
      },
      {
        "market_id": "558967",
        "outcome_index": 1,
        "address": "0xa485339ac7a20a327913bde02430610d3f486719",
        "owner_address": "0xbe70cbe4a55023afd52d8667b565c0d8b2cdc30a",
        "side": "Yes",
        "position_size": 2500,
        "avg_entry_price": null,
        "current_price": 0.0035,
        "unrealized_pnl_usd": null
      },
      {
        "market_id": "558967",
        "outcome_index": 1,
        "address": "0x45ace953f0aa78348020e64c45e8932ad387e1a7",
        "owner_address": "0x37dd3f1443cf3783afa577be2c26cb6a0632ed6d",
        "side": "Yes",
        "position_size": 2500,
        "avg_entry_price": null,
        "current_price": 0.0035,
        "unrealized_pnl_usd": null
      },
      {
        "market_id": "558967",
        "outcome_index": 1,
        "address": "0x4549f2b1ddc416da61d33447e0272ba95a810450",
        "owner_address": "0x",
        "side": "Yes",
        "position_size": 2500,
        "avg_entry_price": null,
        "current_price": 0.0035,
        "unrealized_pnl_usd": null
      },
      {
        "market_id": "558967",
        "outcome_index": 1,
        "address": "0x2040f3e266d60f076cc94d957cb7ed0b7eef70f4",
        "owner_address": "0x2588253cc1daac3e7d823b9190ec87e75c67f2c4",
        "side": "Yes",
        "position_size": 2500,
        "avg_entry_price": null,
        "current_price": 0.0035,
        "unrealized_pnl_usd": null
      },
      {
        "market_id": "558967",
        "outcome_index": 1,
        "address": "0x775c89cafbc40948bc58d5f8b037ae77dd81af67",
        "owner_address": "0x",
        "side": "Yes",
        "position_size": 2399.9665,
        "avg_entry_price": null,
        "current_price": 0.0035,
        "unrealized_pnl_usd": null
      },
      {
        "market_id": "558967",
        "outcome_index": 1,
        "address": "0xfd702afbc3cdac41ce4fa7ed7cbc61164f41366b",
        "owner_address": "0xac58bdb8431a2ce9a4ca72dae65db6b4a5d3c30d",
        "side": "Yes",
        "position_size": 2180,
        "avg_entry_price": null,
        "current_price": 0.0035,
        "unrealized_pnl_usd": null
      },
      {
        "market_id": "558967",
        "outcome_index": 2,
        "address": "0x07ffc17b7c0bfc3bf0595000d95ac8eaa2e87b61",
        "owner_address": "0x6dcb6258c5cc7775cd9e72590c0b64d8170b8449",
        "side": "No",
        "position_size": 2166.248666,
        "avg_entry_price": null,
        "current_price": 0.9965,
        "unrealized_pnl_usd": null
      },
      {
        "market_id": "558967",
        "outcome_index": 1,
        "address": "0xc1c55b36927e07b2376baf6f2d59543e24371032",
        "owner_address": "0x",
        "side": "Yes",
        "position_size": 2000,
        "avg_entry_price": null,
        "current_price": 0.0035,
        "unrealized_pnl_usd": null
      },
      {
        "market_id": "558967",
        "outcome_index": 1,
        "address": "0x9e25f9cd6d4fd6996135e68ff55acb28bca657c7",
        "owner_address": "0x",
        "side": "Yes",
        "position_size": 2000,
        "avg_entry_price": null,
        "current_price": 0.0035,
        "unrealized_pnl_usd": null
      },
      {
        "market_id": "558967",
        "outcome_index": 1,
        "address": "0x72a17d9c726825abd78575153b809e9cbcac1950",
        "owner_address": "0xb90cb6c680ba94a7777bc090d74e921427eae133",
        "side": "Yes",
        "position_size": 2000,
        "avg_entry_price": null,
        "current_price": 0.0035,
        "unrealized_pnl_usd": null
      },
      {
        "market_id": "558967",
        "outcome_index": 1,
        "address": "0x7ab6ac0f0d6ca5a15ec57abeaf413d31c8cdfa77",
        "owner_address": "0x38c9f3aa513d5292611de8f22178aad0ea1bd508",
        "side": "Yes",
        "position_size": 1954.93,
        "avg_entry_price": null,
        "current_price": 0.0035,
        "unrealized_pnl_usd": null
      },
      {
        "market_id": "558967",
        "outcome_index": 1,
        "address": "0x75c648bc8c575f9ec99ba06e36d7a5126911882f",
        "owner_address": "0xea60ef3bd2adcbaea02b97bb6633185c4ab8e2da",
        "side": "Yes",
        "position_size": 1830,
        "avg_entry_price": null,
        "current_price": 0.0035,
        "unrealized_pnl_usd": null
      },
      {
        "market_id": "558967",
        "outcome_index": 2,
        "address": "0x4b7410aefbf0f38012b0dfb1131a4de147a9e8d7",
        "owner_address": "0x6a5db5e8b938c435b8b72637e0ee18e295934ee5",
        "side": "No",
        "position_size": 1684.18,
        "avg_entry_price": null,
        "current_price": 0.9965,
        "unrealized_pnl_usd": null
      },
      {
        "market_id": "558967",
        "outcome_index": 1,
        "address": "0xdb6b512143b6ddf68303b30b435fed0e21250b3f",
        "owner_address": "0x",
        "side": "Yes",
        "position_size": 1666.666666,
        "avg_entry_price": null,
        "current_price": 0.0035,
        "unrealized_pnl_usd": null
      },
      {
        "market_id": "558967",
        "outcome_index": 1,
        "address": "0x62017df9576343cbc1ff645411e963e6c5a475cd",
        "owner_address": "0x",
        "side": "Yes",
        "position_size": 1666.666666,
        "avg_entry_price": null,
        "current_price": 0.0035,
        "unrealized_pnl_usd": null
      },
      {
        "market_id": "558967",
        "outcome_index": 1,
        "address": "0x9d2ca88f035cc195e1288ce34317b458d2b689e5",
        "owner_address": "0x4d1f3ba52764ccc355835f66815ab1fb681c0425",
        "side": "Yes",
        "position_size": 1666.666666,
        "avg_entry_price": null,
        "current_price": 0.0035,
        "unrealized_pnl_usd": null
      }
    ]
  }
}